# JRE version: Java(TM) SE Runtime Environment (8.0_65-b17) (build 1.8.0_65-b17)
# Java VM: Java HotSpot(TM) 64-Bit Server VM (25.65-b01 mixed mode bsd-amd64 compressed oops)
Heap:
 PSYoungGen      total 300032K, used 49592K [0x00000007aab00000, 0x00000007bdf00000, 0x00000007c0000000)
  eden space 284672K, 17% used [0x00000007aab00000,0x00000007adb6e1a0,0x00000007bc100000)
  from space 15360K, 0% used [0x00000007bd000000,0x00000007bd000000,0x00000007bdf00000)
  to   space 15360K, 0% used [0x00000007bc100000,0x00000007bc100000,0x00000007bd000000)
 ParOldGen       total 55808K, used 30131K [0x0000000780000000, 0x0000000783680000, 0x00000007aab00000)
  object space 55808K, 53% used [0x0000000780000000,0x0000000781d6ccf0,0x0000000783680000)
 Metaspace       used 53503K, capacity 55946K, committed 56064K, reserved 1097728K
  class space    used 7195K, capacity 7621K, committed 7680K, reserved 1048576K
GC Heap History (10 events):
Event: 9.501 GC heap before
{Heap before GC invocations=13 (full 2):
 PSYoungGen      total 174080K, used 5680K [0x00000007aab00000, 0x00000007ba200000, 0x00000007c0000000)
  eden space 162304K, 0% used [0x00000007aab00000,0x00000007aab00000,0x00000007b4980000)
  from space 11776K, 48% used [0x00000007b4980000,0x00000007b4f0c2c0,0x00000007b5500000)
  to   space 11264K, 0% used [0x00000007b9700000,0x00000007b9700000,0x00000007ba200000)
 ParOldGen       total 33280K, used 20032K [0x0000000780000000, 0x0000000782080000, 0x00000007aab00000)
  object space 33280K, 60% used [0x0000000780000000,0x0000000781390190,0x0000000782080000)
 Metaspace       used 34015K, capacity 35354K, committed 35456K, reserved 1079296K
  class space    used 4435K, capacity 4733K, committed 4736K, reserved 1048576K
Event: 9.630 GC heap after
Heap after GC invocations=13 (full 2):
 PSYoungGen      total 174080K, used 0K [0x00000007aab00000, 0x00000007ba200000, 0x00000007c0000000)
  eden space 162304K, 0% used [0x00000007aab00000,0x00000007aab00000,0x00000007b4980000)
  from space 11776K, 0% used [0x00000007b4980000,0x00000007b4980000,0x00000007b5500000)
  to   space 11264K, 0% used [0x00000007b9700000,0x00000007b9700000,0x00000007ba200000)
 ParOldGen       total 55808K, used 22243K [0x0000000780000000, 0x0000000783680000, 0x00000007aab00000)
  object space 55808K, 39% used [0x0000000780000000,0x00000007815b8d78,0x0000000783680000)
 Metaspace       used 34015K, capacity 35354K, committed 35456K, reserved 1079296K
  class space    used 4435K, capacity 4733K, committed 4736K, reserved 1048576K
}
Event: 13.769 GC heap before
{Heap before GC invocations=14 (full 2):
 PSYoungGen      total 174080K, used 162304K [0x00000007aab00000, 0x00000007ba200000, 0x00000007c0000000)
  eden space 162304K, 100% used [0x00000007aab00000,0x00000007b4980000,0x00000007b4980000)
  from space 11776K, 0% used [0x00000007b4980000,0x00000007b4980000,0x00000007b5500000)
  to   space 11264K, 0% used [0x00000007b9700000,0x00000007b9700000,0x00000007ba200000)
 ParOldGen       total 55808K, used 22243K [0x0000000780000000, 0x0000000783680000, 0x00000007aab00000)
  object space 55808K, 39% used [0x0000000780000000,0x00000007815b8d78,0x0000000783680000)
 Metaspace       used 45670K, capacity 47572K, committed 47872K, reserved 1091584K
  class space    used 6164K, capacity 6538K, committed 6656K, reserved 1048576K
Event: 13.827 GC heap after
Heap after GC invocations=14 (full 2):
 PSYoungGen      total 228864K, used 11257K [0x00000007aab00000, 0x00000007ba200000, 0x00000007c0000000)
  eden space 217600K, 0% used [0x00000007aab00000,0x00000007aab00000,0x00000007b7f80000)
  from space 11264K, 99% used [0x00000007b9700000,0x00000007ba1fe580,0x00000007ba200000)
  to   space 13824K, 0% used [0x00000007b8700000,0x00000007b8700000,0x00000007b9480000)
 ParOldGen       total 55808K, used 25002K [0x0000000780000000, 0x0000000783680000, 0x00000007aab00000)
  object space 55808K, 44% used [0x0000000780000000,0x000000078186a988,0x0000000783680000)
 Metaspace       used 45670K, capacity 47572K, committed 47872K, reserved 1091584K
  class space    used 6164K, capacity 6538K, committed 6656K, reserved 1048576K
}
Event: 40.513 GC heap before
{Heap before GC invocations=15 (full 2):
 PSYoungGen      total 228864K, used 228857K [0x00000007aab00000, 0x00000007ba200000, 0x00000007c0000000)
  eden space 217600K, 100% used [0x00000007aab00000,0x00000007b7f80000,0x00000007b7f80000)
  from space 11264K, 99% used [0x00000007b9700000,0x00000007ba1fe580,0x00000007ba200000)
  to   space 13824K, 0% used [0x00000007b8700000,0x00000007b8700000,0x00000007b9480000)
 ParOldGen       total 55808K, used 25002K [0x0000000780000000, 0x0000000783680000, 0x00000007aab00000)
  object space 55808K, 44% used [0x0000000780000000,0x000000078186a988,0x0000000783680000)
 Metaspace       used 52098K, capacity 54374K, committed 54528K, reserved 1095680K
  class space    used 6996K, capacity 7411K, committed 7424K, reserved 1048576K
Event: 40.685 GC heap after
Heap after GC invocations=15 (full 2):
 PSYoungGen      total 239104K, used 11752K [0x00000007aab00000, 0x00000007bdf00000, 0x00000007c0000000)
  eden space 225280K, 0% used [0x00000007aab00000,0x00000007aab00000,0x00000007b8700000)
  from space 13824K, 85% used [0x00000007b8700000,0x00000007b927a030,0x00000007b9480000)
  to   space 15360K, 0% used [0x00000007bd000000,0x00000007bd000000,0x00000007bdf00000)
 ParOldGen       total 55808K, used 29210K [0x0000000780000000, 0x0000000783680000, 0x00000007aab00000)
  object space 55808K, 52% used [0x0000000780000000,0x0000000781c869d8,0x0000000783680000)
 Metaspace       used 52098K, capacity 54374K, committed 54528K, reserved 1095680K
  class space    used 6996K, capacity 7411K, committed 7424K, reserved 1048576K
}
Event: 788.232 GC heap before
{Heap before GC invocations=16 (full 2):
 PSYoungGen      total 239104K, used 129699K [0x00000007aab00000, 0x00000007bdf00000, 0x00000007c0000000)
  eden space 225280K, 52% used [0x00000007aab00000,0x00000007b1e2ef78,0x00000007b8700000)
  from space 13824K, 85% used [0x00000007b8700000,0x00000007b927a030,0x00000007b9480000)
  to   space 15360K, 0% used [0x00000007bd000000,0x00000007bd000000,0x00000007bdf00000)
 ParOldGen       total 55808K, used 29210K [0x0000000780000000, 0x0000000783680000, 0x00000007aab00000)
  object space 55808K, 52% used [0x0000000780000000,0x0000000781c869d8,0x0000000783680000)
 Metaspace       used 53431K, capacity 55850K, committed 56064K, reserved 1097728K
  class space    used 7181K, capacity 7602K, committed 7680K, reserved 1048576K
Event: 788.449 GC heap after
Heap after GC invocations=16 (full 2):
 PSYoungGen      total 300032K, used 2035K [0x00000007aab00000, 0x00000007bdf00000, 0x00000007c0000000)
  eden space 284672K, 0% used [0x00000007aab00000,0x00000007aab00000,0x00000007bc100000)
  from space 15360K, 13% used [0x00000007bd000000,0x00000007bd1fcfc8,0x00000007bdf00000)
  to   space 15360K, 0% used [0x00000007bc100000,0x00000007bc100000,0x00000007bd000000)
 ParOldGen       total 55808K, used 35931K [0x0000000780000000, 0x0000000783680000, 0x00000007aab00000)
  object space 55808K, 64% used [0x0000000780000000,0x0000000782316eb0,0x0000000783680000)
 Metaspace       used 53431K, capacity 55850K, committed 56064K, reserved 1097728K
  class space    used 7181K, capacity 7602K, committed 7680K, reserved 1048576K
}
Event: 788.449 GC heap before
{Heap before GC invocations=17 (full 3):
 PSYoungGen      total 300032K, used 2035K [0x00000007aab00000, 0x00000007bdf00000, 0x00000007c0000000)
  eden space 284672K, 0% used [0x00000007aab00000,0x00000007aab00000,0x00000007bc100000)
  from space 15360K, 13% used [0x00000007bd000000,0x00000007bd1fcfc8,0x00000007bdf00000)
  to   space 15360K, 0% used [0x00000007bc100000,0x00000007bc100000,0x00000007bd000000)
 ParOldGen       total 55808K, used 35931K [0x0000000780000000, 0x0000000783680000, 0x00000007aab00000)
  object space 55808K, 64% used [0x0000000780000000,0x0000000782316eb0,0x0000000783680000)
 Metaspace       used 53431K, capacity 55850K, committed 56064K, reserved 1097728K
  class space    used 7181K, capacity 7602K, committed 7680K, reserved 1048576K
Event: 790.412 GC heap after
Heap after GC invocations=17 (full 3):
 PSYoungGen      total 300032K, used 0K [0x00000007aab00000, 0x00000007bdf00000, 0x00000007c0000000)
  eden space 284672K, 0% used [0x00000007aab00000,0x00000007aab00000,0x00000007bc100000)
  from space 15360K, 0% used [0x00000007bd000000,0x00000007bd000000,0x00000007bdf00000)
  to   space 15360K, 0% used [0x00000007bc100000,0x00000007bc100000,0x00000007bd000000)
 ParOldGen       total 55808K, used 30131K [0x0000000780000000, 0x0000000783680000, 0x00000007aab00000)
  object space 55808K, 53% used [0x0000000780000000,0x0000000781d6ccf0,0x0000000783680000)
 Metaspace       used 53431K, capacity 55850K, committed 56064K, reserved 1097728K
  class space    used 7181K, capacity 7602K, committed 7680K, reserved 1048576K
}

